#
# There is insufficient memory for the Java Runtime Environment to continue.
# Native memory allocation (mmap) failed to map 73400320 bytes for committing reserved memory.
# Possible reasons:
#   The system is out of physical RAM or swap space
#   In 32 bit mode, the process size limit was hit
# Possible solutions:
#   Reduce memory load on the system
#   Increase physical memory or swap space
#   Check if swap backing store is full
#   Use 64 bit Java on a 64 bit OS
#   Decrease Java heap size (-Xmx/-Xms)
#   Decrease number of Java threads
#   Decrease Java thread stack sizes (-Xss)
#   Set larger code cache with -XX:ReservedCodeCacheSize=
# This output file may be truncated or incomplete.
#
#  Out of Memory Error (os_linux.cpp:2627), pid=17246, tid=0x00007ffb1ccfc700
#
# JRE version: Java(TM) SE Runtime Environment (8.0_121-b13) (build 1.8.0_121-b13)
# Java VM: Java HotSpot(TM) 64-Bit Server VM (25.121-b13 mixed mode linux-amd64 compressed oops)
# Failed to write core dump. Core dumps have been disabled. To enable core dumping, try "ulimit -c unlimited" before starting Java again
#

---------------  T H R E A D  ---------------

Current thread (0x00007ffb2c078000):  VMThread [stack: 0x00007ffb1cbfc000,0x00007ffb1ccfd000] [id=17288]

Stack: [0x00007ffb1cbfc000,0x00007ffb1ccfd000],  sp=0x00007ffb1ccfb220,  free space=1020k
Native frames: (J=compiled Java code, j=interpreted, Vv=VM code, C=native code)
V  [libjvm.so+0xac703a]  VMError::report_and_die()+0x2ba
V  [libjvm.so+0x4fc7eb]  report_vm_out_of_memory(char const*, int, unsigned long, VMErrorType, char const*)+0x8b
V  [libjvm.so+0x923c43]  os::Linux::commit_memory_impl(char*, unsigned long, bool)+0x103
V  [libjvm.so+0x924199]  os::pd_commit_memory(char*, unsigned long, unsigned long, bool)+0x29
V  [libjvm.so+0x91e4aa]  os::commit_memory(char*, unsigned long, unsigned long, bool)+0x2a
V  [libjvm.so+0x992f03]  PSVirtualSpace::expand_by(unsigned long)+0x53
V  [libjvm.so+0x994308]  PSYoungGen::resize_generation(unsigned long, unsigned long)+0xf8
V  [libjvm.so+0x993462]  PSYoungGen::resize(unsigned long, unsigned long)+0x22
V  [libjvm.so+0x99073b]  PSScavenge::invoke_no_policy()+0xf3b
V  [libjvm.so+0x990ec1]  PSScavenge::invoke()+0x41
V  [libjvm.so+0x947c10]  ParallelScavengeHeap::failed_mem_allocate(unsigned long)+0x70
V  [libjvm.so+0xac8a57]  VM_ParallelGCFailedAllocation::doit()+0x97
V  [libjvm.so+0xad0535]  VM_Operation::evaluate()+0x55
V  [libjvm.so+0xace90a]  VMThread::evaluate_operation(VM_Operation*)+0xba
V  [libjvm.so+0xacec8e]  VMThread::loop()+0x1ce
V  [libjvm.so+0xacf100]  VMThread::run()+0x70
V  [libjvm.so+0x926268]  java_start(Thread*)+0x108

VM_Operation (0x00007ffb15dfbc20): ParallelGCFailedAllocation, mode: safepoint, requested by thread 0x00007ffb2c16e800


---------------  P R O C E S S  ---------------

Java Threads: ( => current thread )
  0x00007ffb2c170800 JavaThread "pool-1-thread-4" [_thread_blocked, id=17344, stack(0x00007ffb15bfc000,0x00007ffb15cfd000)]
  0x00007ffb2c16e800 JavaThread "pool-1-thread-3" [_thread_blocked, id=17343, stack(0x00007ffb15cfd000,0x00007ffb15dfe000)]
  0x00007ffb2c16d800 JavaThread "pool-1-thread-2" [_thread_blocked, id=17342, stack(0x00007ffb15dfe000,0x00007ffb15eff000)]
  0x00007ffb2c16c000 JavaThread "pool-2-thread-1" [_thread_blocked, id=17341, stack(0x00007ffb15eff000,0x00007ffb16000000)]
  0x00007ffb2c169800 JavaThread "pool-1-thread-1" [_thread_blocked, id=17340, stack(0x00007ffb1c01b000,0x00007ffb1c11c000)]
  0x00007ffb2c0d2000 JavaThread "Service Thread" daemon [_thread_blocked, id=17318, stack(0x00007ffb1c21d000,0x00007ffb1c31e000)]
  0x00007ffb2c0bd000 JavaThread "C1 CompilerThread2" daemon [_thread_blocked, id=17315, stack(0x00007ffb1c31e000,0x00007ffb1c41f000)]
  0x00007ffb2c0bb800 JavaThread "C2 CompilerThread1" daemon [_thread_blocked, id=17312, stack(0x00007ffb1c41f000,0x00007ffb1c520000)]
  0x00007ffb2c0b8800 JavaThread "C2 CompilerThread0" daemon [_thread_blocked, id=17308, stack(0x00007ffb1c520000,0x00007ffb1c621000)]
  0x00007ffb2c0b7000 JavaThread "Signal Dispatcher" daemon [_thread_blocked, id=17303, stack(0x00007ffb1c621000,0x00007ffb1c722000)]
  0x00007ffb2c084000 JavaThread "Finalizer" daemon [_thread_blocked, id=17295, stack(0x00007ffb1c9fa000,0x00007ffb1cafb000)]
  0x00007ffb2c07f800 JavaThread "Reference Handler" daemon [_thread_blocked, id=17292, stack(0x00007ffb1cafb000,0x00007ffb1cbfc000)]
  0x00007ffb2c00a000 JavaThread "main" [_thread_blocked, id=17266, stack(0x00007ffb35355000,0x00007ffb35456000)]

Other Threads:
=>0x00007ffb2c078000 VMThread [stack: 0x00007ffb1cbfc000,0x00007ffb1ccfd000] [id=17288]
  0x00007ffb2c0dd000 WatcherThread [stack: 0x00007ffb1c11c000,0x00007ffb1c21d000] [id=17322]

VM state:at safepoint (normal execution)

VM Mutex/Monitor currently owned by a thread:  ([mutex/lock_event])
[0x00007ffb2c0064d0] Threads_lock - owner thread: 0x00007ffb2c078000
[0x00007ffb2c0069d0] Heap_lock - owner thread: 0x00007ffb2c16e800

Heap:
 PSYoungGen      total 71168K, used 8680K [0x00000000eab00000, 0x00000000efa00000, 0x0000000100000000)
  eden space 62464K, 0% used [0x00000000eab00000,0x00000000eab00000,0x00000000ee800000)
  from space 8704K, 99% used [0x00000000ee800000,0x00000000ef07a0e0,0x00000000ef080000)
  to   space 7680K, 0% used [0x00000000ef080000,0x00000000ef080000,0x00000000ef800000)
 ParOldGen       total 42496K, used 19980K [0x00000000c0000000, 0x00000000c2980000, 0x00000000eab00000)
  object space 42496K, 47% used [0x00000000c0000000,0x00000000c13831d0,0x00000000c2980000)
 Metaspace       used 6066K, capacity 7024K, committed 7296K, reserved 1056768K
  class space    used 598K, capacity 616K, committed 640K, reserved 1048576K

Card table byte_map: [0x00007ffb31f00000,0x00007ffb32101000] byte_map_base: 0x00007ffb31900000

Marking Bits: (ParMarkBitMap*) 0x00007ffb3482bc80
 Begin Bits: [0x00007ffb16000000, 0x00007ffb17000000)
 End Bits:   [0x00007ffb17000000, 0x00007ffb18000000)

Polling page: 0x00007ffb3547b000

CodeCache: size=245760Kb used=5120Kb max_used=5120Kb free=240640Kb
 bounds [0x00007ffb1d000000, 0x00007ffb1d510000, 0x00007ffb2c000000]
 total_blobs=1674 nmethods=1410 adapters=176
 compilation: enabled

Compilation events (10 events):
Event: 10.867 Thread 0x00007ffb2c0bd000 1525       2       java.util.EnumSet::allOf (11 bytes)
Event: 10.867 Thread 0x00007ffb2c0bd000 nmethod 1525 0x00007ffb1d4ff250 code [0x00007ffb1d4ff3c0, 0x00007ffb1d4ff538]
Event: 10.867 Thread 0x00007ffb2c0bd000 1528       2       java.util.RegularEnumSet::addAll (23 bytes)
Event: 10.868 Thread 0x00007ffb2c0bd000 nmethod 1528 0x00007ffb1d4ff5d0 code [0x00007ffb1d4ff720, 0x00007ffb1d4ff890]
Event: 10.868 Thread 0x00007ffb2c0bd000 1580       1       com.android.dx.dex.file.DexFile::getFieldIds (5 bytes)
Event: 10.868 Thread 0x00007ffb2c0bd000 nmethod 1580 0x00007ffb1d4ff950 code [0x00007ffb1d4ffaa0, 0x00007ffb1d4ffbb0]
Event: 10.868 Thread 0x00007ffb2c0bd000 1579       1       com.android.dx.cf.attrib.InnerClassList$Item::getOuterClass (5 bytes)
Event: 10.868 Thread 0x00007ffb2c0bd000 nmethod 1579 0x00007ffb1d4ffc10 code [0x00007ffb1d4ffd60, 0x00007ffb1d4ffe70]
Event: 10.868 Thread 0x00007ffb2c0bd000 1546       1       com.android.dx.ssa.PhiInsn::canThrow (2 bytes)
Event: 10.868 Thread 0x00007ffb2c0bd000 nmethod 1546 0x00007ffb1d4ffed0 code [0x00007ffb1d500020, 0x00007ffb1d500130]

GC Heap History (10 events):
Event: 3.848 GC heap after
Heap after GC invocations=2 (full 0):
 PSYoungGen      total 18432K, used 2551K [0x00000000eab00000, 0x00000000ecf00000, 0x0000000100000000)
  eden space 15872K, 0% used [0x00000000eab00000,0x00000000eab00000,0x00000000eba80000)
  from space 2560K, 99% used [0x00000000ebd00000,0x00000000ebf7dc78,0x00000000ebf80000)
  to   space 2560K, 0% used [0x00000000eba80000,0x00000000eba80000,0x00000000ebd00000)
 ParOldGen       total 42496K, used 2695K [0x00000000c0000000, 0x00000000c2980000, 0x00000000eab00000)
  object space 42496K, 6% used [0x00000000c0000000,0x00000000c02a1ce8,0x00000000c2980000)
 Metaspace       used 5785K, capacity 6768K, committed 7040K, reserved 1056768K
  class space    used 597K, capacity 616K, committed 640K, reserved 1048576K
}
Event: 4.427 GC heap before
{Heap before GC invocations=3 (full 0):
 PSYoungGen      total 18432K, used 18423K [0x00000000eab00000, 0x00000000ecf00000, 0x0000000100000000)
  eden space 15872K, 100% used [0x00000000eab00000,0x00000000eba80000,0x00000000eba80000)
  from space 2560K, 99% used [0x00000000ebd00000,0x00000000ebf7dc78,0x00000000ebf80000)
  to   space 2560K, 0% used [0x00000000eba80000,0x00000000eba80000,0x00000000ebd00000)
 ParOldGen       total 42496K, used 2695K [0x00000000c0000000, 0x00000000c2980000, 0x00000000eab00000)
  object space 42496K, 6% used [0x00000000c0000000,0x00000000c02a1ce8,0x00000000c2980000)
 Metaspace       used 5832K, capacity 6832K, committed 7040K, reserved 1056768K
  class space    used 597K, capacity 616K, committed 640K, reserved 1048576K
Event: 4.494 GC heap after
Heap after GC invocations=3 (full 0):
 PSYoungGen      total 18432K, used 2550K [0x00000000eab00000, 0x00000000ecf00000, 0x0000000100000000)
  eden space 15872K, 0% used [0x00000000eab00000,0x00000000eab00000,0x00000000eba80000)
  from space 2560K, 99% used [0x00000000eba80000,0x00000000ebcfdbe8,0x00000000ebd00000)
  to   space 2560K, 0% used [0x00000000ecc80000,0x00000000ecc80000,0x00000000ecf00000)
 ParOldGen       total 42496K, used 5410K [0x00000000c0000000, 0x00000000c2980000, 0x00000000eab00000)
  object space 42496K, 12% used [0x00000000c0000000,0x00000000c0548830,0x00000000c2980000)
 Metaspace       used 5832K, capacity 6832K, committed 7040K, reserved 1056768K
  class space    used 597K, capacity 616K, committed 640K, reserved 1048576K
}
Event: 5.084 GC heap before
{Heap before GC invocations=4 (full 0):
 PSYoungGen      total 18432K, used 18422K [0x00000000eab00000, 0x00000000ecf00000, 0x0000000100000000)
  eden space 15872K, 100% used [0x00000000eab00000,0x00000000eba80000,0x00000000eba80000)
  from space 2560K, 99% used [0x00000000eba80000,0x00000000ebcfdbe8,0x00000000ebd00000)
  to   space 2560K, 0% used [0x00000000ecc80000,0x00000000ecc80000,0x00000000ecf00000)
 ParOldGen       total 42496K, used 5410K [0x00000000c0000000, 0x00000000c2980000, 0x00000000eab00000)
  object space 42496K, 12% used [0x00000000c0000000,0x00000000c0548830,0x00000000c2980000)
 Metaspace       used 5852K, capacity 6832K, committed 7040K, reserved 1056768K
  class space    used 598K, capacity 616K, committed 640K, reserved 1048576K
Event: 5.208 GC heap after
Heap after GC invocations=4 (full 0):
 PSYoungGen      total 34304K, used 2537K [0x00000000eab00000, 0x00000000ecf00000, 0x0000000100000000)
  eden space 31744K, 0% used [0x00000000eab00000,0x00000000eab00000,0x00000000eca00000)
  from space 2560K, 99% used [0x00000000ecc80000,0x00000000ecefa4a8,0x00000000ecf00000)
  to   space 2560K, 0% used [0x00000000eca00000,0x00000000eca00000,0x00000000ecc80000)
 ParOldGen       total 42496K, used 7987K [0x00000000c0000000, 0x00000000c2980000, 0x00000000eab00000)
  object space 42496K, 18% used [0x00000000c0000000,0x00000000c07cce98,0x00000000c2980000)
 Metaspace       used 5852K, capacity 6832K, committed 7040K, reserved 1056768K
  class space    used 598K, capacity 616K, committed 640K, reserved 1048576K
}
Event: 6.292 GC heap before
{Heap before GC invocations=5 (full 0):
 PSYoungGen      total 34304K, used 34281K [0x00000000eab00000, 0x00000000ecf00000, 0x0000000100000000)
  eden space 31744K, 100% used [0x00000000eab00000,0x00000000eca00000,0x00000000eca00000)
  from space 2560K, 99% used [0x00000000ecc80000,0x00000000ecefa4a8,0x00000000ecf00000)
  to   space 2560K, 0% used [0x00000000eca00000,0x00000000eca00000,0x00000000ecc80000)
 ParOldGen       total 42496K, used 7987K [0x00000000c0000000, 0x00000000c2980000, 0x00000000eab00000)
  object space 42496K, 18% used [0x00000000c0000000,0x00000000c07cce98,0x00000000c2980000)
 Metaspace       used 5892K, capacity 6896K, committed 7040K, reserved 1056768K
  class space    used 598K, capacity 616K, committed 640K, reserved 1048576K
Event: 6.447 GC heap after
Heap after GC invocations=5 (full 0):
 PSYoungGen      total 34304K, used 2549K [0x00000000eab00000, 0x00000000ef800000, 0x0000000100000000)
  eden space 31744K, 0% used [0x00000000eab00000,0x00000000eab00000,0x00000000eca00000)
  from space 2560K, 99% used [0x00000000eca00000,0x00000000ecc7d610,0x00000000ecc80000)
  to   space 7680K, 0% used [0x00000000ef080000,0x00000000ef080000,0x00000000ef800000)
 ParOldGen       total 42496K, used 12575K [0x00000000c0000000, 0x00000000c2980000, 0x00000000eab00000)
  object space 42496K, 29% used [0x00000000c0000000,0x00000000c0c47c70,0x00000000c2980000)
 Metaspace       used 5892K, capacity 6896K, committed 7040K, reserved 1056768K
  class space    used 598K, capacity 616K, committed 640K, reserved 1048576K
}
Event: 7.184 GC heap before
{Heap before GC invocations=6 (full 0):
 PSYoungGen      total 34304K, used 34293K [0x00000000eab00000, 0x00000000ef800000, 0x0000000100000000)
  eden space 31744K, 100% used [0x00000000eab00000,0x00000000eca00000,0x00000000eca00000)
  from space 2560K, 99% used [0x00000000eca00000,0x00000000ecc7d610,0x00000000ecc80000)
  to   space 7680K, 0% used [0x00000000ef080000,0x00000000ef080000,0x00000000ef800000)
 ParOldGen       total 42496K, used 12575K [0x00000000c0000000, 0x00000000c2980000, 0x00000000eab00000)
  object space 42496K, 29% used [0x00000000c0000000,0x00000000c0c47c70,0x00000000c2980000)
 Metaspace       used 5924K, capacity 6896K, committed 7040K, reserved 1056768K
  class space    used 598K, capacity 616K, committed 640K, reserved 1048576K
Event: 7.416 GC heap after
Heap after GC invocations=6 (full 0):
 PSYoungGen      total 70144K, used 7543K [0x00000000eab00000, 0x00000000efa00000, 0x0000000100000000)
  eden space 62464K, 0% used [0x00000000eab00000,0x00000000eab00000,0x00000000ee800000)
  from space 7680K, 98% used [0x00000000ef080000,0x00000000ef7ddc60,0x00000000ef800000)
  to   space 8704K, 0% used [0x00000000ee800000,0x00000000ee800000,0x00000000ef080000)
 ParOldGen       total 42496K, used 12583K [0x00000000c0000000, 0x00000000c2980000, 0x00000000eab00000)
  object space 42496K, 29% used [0x00000000c0000000,0x00000000c0c49c70,0x00000000c2980000)
 Metaspace       used 5924K, capacity 6896K, committed 7040K, reserved 1056768K
  class space    used 598K, capacity 616K, committed 640K, reserved 1048576K
}
Event: 11.118 GC heap before
{Heap before GC invocations=7 (full 0):
 PSYoungGen      total 70144K, used 70007K [0x00000000eab00000, 0x00000000efa00000, 0x0000000100000000)
  eden space 62464K, 100% used [0x00000000eab00000,0x00000000ee800000,0x00000000ee800000)
  from space 7680K, 98% used [0x00000000ef080000,0x00000000ef7ddc60,0x00000000ef800000)
  to   space 8704K, 0% used [0x00000000ee800000,0x00000000ee800000,0x00000000ef080000)
 ParOldGen       total 42496K, used 12583K [0x00000000c0000000, 0x00000000c2980000, 0x00000000eab00000)
  object space 42496K, 29% used [0x00000000c0000000,0x00000000c0c49c70,0x00000000c2980000)
 Metaspace       used 6066K, capacity 7024K, committed 7296K, reserved 1056768K
  class space    used 598K, capacity 616K, committed 640K, reserved 1048576K

Deoptimization events (10 events):
Event: 3.529 Thread 0x00007ffb2c16d800 Uncommon trap: reason=bimorphic action=maybe_recompile pc=0x00007ffb1d204e58 method=java.util.HashMap.getNode(ILjava/lang/Object;)Ljava/util/HashMap$Node; @ 126
Event: 3.729 Thread 0x00007ffb2c16e800 Uncommon trap: reason=unstable_if action=reinterpret pc=0x00007ffb1d250924 method=com.android.dx.rop.code.RegisterSpec.equals(ILcom/android/dx/rop/type/TypeBearer;Lcom/android/dx/rop/code/LocalItem;)Z @ 42
Event: 4.066 Thread 0x00007ffb2c16e800 Uncommon trap: reason=unstable_if action=reinterpret pc=0x00007ffb1d204e14 method=java.util.HashMap.getNode(ILjava/lang/Object;)Ljava/util/HashMap$Node; @ 62
Event: 4.066 Thread 0x00007ffb2c16e800 Uncommon trap: reason=bimorphic action=maybe_recompile pc=0x00007ffb1d239398 method=java.util.HashMap.getNode(ILjava/lang/Object;)Ljava/util/HashMap$Node; @ 126
Event: 4.501 Thread 0x00007ffb2c00a000 Uncommon trap: reason=unstable_if action=reinterpret pc=0x00007ffb1d1f3328 method=java.lang.String.<init>([CII)V @ 18
Event: 4.793 Thread 0x00007ffb2c16d800 Uncommon trap: reason=unstable_if action=reinterpret pc=0x00007ffb1d22895c method=com.android.dx.rop.cst.Constant.compareTo(Lcom/android/dx/rop/cst/Constant;)I @ 12
Event: 5.351 Thread 0x00007ffb2c00a000 Uncommon trap: reason=bimorphic action=maybe_recompile pc=0x00007ffb1d239398 method=java.util.HashMap.getNode(ILjava/lang/Object;)Ljava/util/HashMap$Node; @ 126
Event: 5.665 Thread 0x00007ffb2c169800 Uncommon trap: reason=bimorphic action=maybe_recompile pc=0x00007ffb1d239398 method=java.util.HashMap.getNode(ILjava/lang/Object;)Ljava/util/HashMap$Node; @ 126
Event: 6.834 Thread 0x00007ffb2c16d800 Uncommon trap: reason=unstable_if action=reinterpret pc=0x00007ffb1d32bd84 method=com.android.dx.util.IntList.binarysearch(I)I @ 105
Event: 7.162 Thread 0x00007ffb2c16d800 Uncommon trap: reason=unstable_if action=reinterpret pc=0x00007ffb1d324f7c method=com.android.dx.ssa.SsaMethod.updateOneDefinition(Lcom/android/dx/ssa/SsaInsn;Lcom/android/dx/rop/code/RegisterSpec;)V @ 4

Internal exceptions (2 events):
Event: 0.514 Thread 0x00007ffb2c00a000 Exception <a 'java/lang/NoSuchMethodError': Method sun.misc.Unsafe.defineClass(Ljava/lang/String;[BII)Ljava/lang/Class; name or signature does not match> (0x00000000eab07ca8) thrown at [/HUDSON3/workspace/8-2-build-linux-amd64/jdk8u121/8372/hotspot/src/sh
Event: 0.514 Thread 0x00007ffb2c00a000 Exception <a 'java/lang/NoSuchMethodError': Method sun.misc.Unsafe.prefetchRead(Ljava/lang/Object;J)V name or signature does not match> (0x00000000eab07f90) thrown at [/HUDSON3/workspace/8-2-build-linux-amd64/jdk8u121/8372/hotspot/src/share/vm/prims/jni.c

Events (10 events):
Event: 8.444 Thread 0x00007ffb2c16e800 DEOPT UNPACKING pc=0x00007ffb1d047633 sp=0x00007ffb15dfbbd0 mode 0
Event: 8.617 Thread 0x00007ffb2c169800 DEOPT PACKING pc=0x00007ffb1d32d710 sp=0x00007ffb1c119db0
Event: 8.617 Thread 0x00007ffb2c169800 DEOPT UNPACKING pc=0x00007ffb1d047633 sp=0x00007ffb1c119ae0 mode 0
Event: 8.650 Thread 0x00007ffb2c169800 DEOPT PACKING pc=0x00007ffb1d2d7dcd sp=0x00007ffb1c119fe0
Event: 8.650 Thread 0x00007ffb2c169800 DEOPT UNPACKING pc=0x00007ffb1d047633 sp=0x00007ffb1c119d80 mode 0
Event: 8.757 Thread 0x00007ffb2c16e800 DEOPT PACKING pc=0x00007ffb1d381bac sp=0x00007ffb15dfbf60
Event: 8.757 Thread 0x00007ffb2c16e800 DEOPT UNPACKING pc=0x00007ffb1d047633 sp=0x00007ffb15dfbc70 mode 0
Event: 8.772 Thread 0x00007ffb2c16e800 DEOPT PACKING pc=0x00007ffb1d355ba6 sp=0x00007ffb15dfb990
Event: 8.772 Thread 0x00007ffb2c16e800 DEOPT UNPACKING pc=0x00007ffb1d047633 sp=0x00007ffb15dfb6d0 mode 0
Event: 11.118 Executing VM operation: ParallelGCFailedAllocation


Dynamic libraries:
00400000-00401000 r-xp 00000000 08:01 7352116                            /usr/lib/jvm/java-8-oracle/bin/java
00600000-00601000 rw-p 00000000 08:01 7352116                            /usr/lib/jvm/java-8-oracle/bin/java
022db000-022fc000 rw-p 00000000 00:00 0                                  [heap]
c0000000-c2980000 rw-p 00000000 00:00 0 
c2980000-eab00000 ---p 00000000 00:00 0 
eab00000-efa00000 rw-p 00000000 00:00 0 
f4000000-100000000 ---p 00000000 00:00 0 
100000000-1000a0000 rw-p 00000000 00:00 0 
1000a0000-140000000 ---p 00000000 00:00 0 
7ffad0000000-7ffad0021000 rw-p 00000000 00:00 0 
7ffad0021000-7ffad4000000 ---p 00000000 00:00 0 
7ffad4000000-7ffad402c000 rw-p 00000000 00:00 0 
7ffad402c000-7ffad8000000 ---p 00000000 00:00 0 
7ffad8000000-7ffad8021000 rw-p 00000000 00:00 0 
7ffad8021000-7ffadc000000 ---p 00000000 00:00 0 
7ffadc000000-7ffadc021000 rw-p 00000000 00:00 0 
7ffadc021000-7ffae0000000 ---p 00000000 00:00 0 
7ffae0000000-7ffae0021000 rw-p 00000000 00:00 0 
7ffae0021000-7ffae4000000 ---p 00000000 00:00 0 
7ffae4000000-7ffae4031000 rw-p 00000000 00:00 0 
7ffae4031000-7ffae8000000 ---p 00000000 00:00 0 
7ffae8000000-7ffae85c5000 rw-p 00000000 00:00 0 
7ffae85c5000-7ffaec000000 ---p 00000000 00:00 0 
7ffaec000000-7ffaec021000 rw-p 00000000 00:00 0 
7ffaec021000-7ffaf0000000 ---p 00000000 00:00 0 
7ffaf0000000-7ffaf0484000 rw-p 00000000 00:00 0 
7ffaf0484000-7ffaf4000000 ---p 00000000 00:00 0 
7ffaf4000000-7ffaf4625000 rw-p 00000000 00:00 0 
7ffaf4625000-7ffaf8000000 ---p 00000000 00:00 0 
7ffaf8000000-7ffaf8021000 rw-p 00000000 00:00 0 
7ffaf8021000-7ffafc000000 ---p 00000000 00:00 0 
7ffafc000000-7ffafc021000 rw-p 00000000 00:00 0 
7ffafc021000-7ffb00000000 ---p 00000000 00:00 0 
7ffb00000000-7ffb00297000 rw-p 00000000 00:00 0 
7ffb00297000-7ffb04000000 ---p 00000000 00:00 0 
7ffb04000000-7ffb04021000 rw-p 00000000 00:00 0 
7ffb04021000-7ffb08000000 ---p 00000000 00:00 0 
7ffb08000000-7ffb08021000 rw-p 00000000 00:00 0 
7ffb08021000-7ffb0c000000 ---p 00000000 00:00 0 
7ffb0c000000-7ffb0c021000 rw-p 00000000 00:00 0 
7ffb0c021000-7ffb10000000 ---p 00000000 00:00 0 
7ffb10000000-7ffb10021000 rw-p 00000000 00:00 0 
7ffb10021000-7ffb14000000 ---p 00000000 00:00 0 
7ffb15bfc000-7ffb15bff000 ---p 00000000 00:00 0 
7ffb15bff000-7ffb15cfd000 rw-p 00000000 00:00 0 
7ffb15cfd000-7ffb15d00000 ---p 00000000 00:00 0 
7ffb15d00000-7ffb15dfe000 rw-p 00000000 00:00 0 
7ffb15dfe000-7ffb15e01000 ---p 00000000 00:00 0 
7ffb15e01000-7ffb15eff000 rw-p 00000000 00:00 0 
7ffb15eff000-7ffb15f02000 ---p 00000000 00:00 0 
7ffb15f02000-7ffb18000000 rw-p 00000000 00:00 0 
7ffb18000000-7ffb18021000 rw-p 00000000 00:00 0 
7ffb18021000-7ffb1c000000 ---p 00000000 00:00 0 
7ffb1c01b000-7ffb1c01e000 ---p 00000000 00:00 0 
7ffb1c01e000-7ffb1c11c000 rw-p 00000000 00:00 0 
7ffb1c11c000-7ffb1c11d000 ---p 00000000 00:00 0 
7ffb1c11d000-7ffb1c21d000 rw-p 00000000 00:00 0 
7ffb1c21d000-7ffb1c220000 ---p 00000000 00:00 0 
7ffb1c220000-7ffb1c31e000 rw-p 00000000 00:00 0 
7ffb1c31e000-7ffb1c321000 ---p 00000000 00:00 0 
7ffb1c321000-7ffb1c41f000 rw-p 00000000 00:00 0 
7ffb1c41f000-7ffb1c422000 ---p 00000000 00:00 0 
7ffb1c422000-7ffb1c520000 rw-p 00000000 00:00 0 
7ffb1c520000-7ffb1c523000 ---p 00000000 00:00 0 
7ffb1c523000-7ffb1c621000 rw-p 00000000 00:00 0 
7ffb1c621000-7ffb1c624000 ---p 00000000 00:00 0 
7ffb1c624000-7ffb1c722000 rw-p 00000000 00:00 0 
7ffb1c722000-7ffb1c9fa000 r--p 00000000 08:01 7340886                    /usr/lib/locale/locale-archive
7ffb1c9fa000-7ffb1c9fd000 ---p 00000000 00:00 0 
7ffb1c9fd000-7ffb1cafb000 rw-p 00000000 00:00 0 
7ffb1cafb000-7ffb1cafe000 ---p 00000000 00:00 0 
7ffb1cafe000-7ffb1cbfc000 rw-p 00000000 00:00 0 
7ffb1cbfc000-7ffb1cbfd000 ---p 00000000 00:00 0 
7ffb1cbfd000-7ffb1d000000 rw-p 00000000 00:00 0 
7ffb1d000000-7ffb1d510000 rwxp 00000000 00:00 0 
7ffb1d510000-7ffb2c000000 ---p 00000000 00:00 0 
7ffb2c000000-7ffb2c3ab000 rw-p 00000000 00:00 0 
7ffb2c3ab000-7ffb30000000 ---p 00000000 00:00 0 
7ffb3008e000-7ffb30098000 r--s 000a0000 08:01 3022036                    /root/AndroidStudioProjects/Pizzasapp/app/build/intermediates/exploded-aar/com.android.support/appcompat-v7/25.3.1/jars/classes.jar
7ffb30098000-7ffb300a6000 r--s 000e0000 08:01 2885562                    /root/Android/Sdk/build-tools/25.0.2/lib/dx.jar
7ffb300a6000-7ffb30d57000 rw-p 00000000 00:00 0 
7ffb30d57000-7ffb30f30000 r--s 03d3e000 08:01 7352190                    /usr/lib/jvm/java-8-oracle/jre/lib/rt.jar
7ffb30f30000-7ffb31626000 rw-p 00000000 00:00 0 
7ffb31626000-7ffb317a6000 ---p 00000000 00:00 0 
7ffb317a6000-7ffb319a6000 rw-p 00000000 00:00 0 
7ffb319a6000-7ffb319a7000 ---p 00000000 00:00 0 
7ffb319a7000-7ffb31aa7000 rw-p 00000000 00:00 0 
7ffb31aa7000-7ffb31aa8000 ---p 00000000 00:00 0 
7ffb31aa8000-7ffb31ba8000 rw-p 00000000 00:00 0 
7ffb31ba8000-7ffb31ba9000 ---p 00000000 00:00 0 
7ffb31ba9000-7ffb31ca9000 rw-p 00000000 00:00 0 
7ffb31ca9000-7ffb31caa000 ---p 00000000 00:00 0 
7ffb31caa000-7ffb31dbf000 rw-p 00000000 00:00 0 
7ffb31dbf000-7ffb31f00000 ---p 00000000 00:00 0 
7ffb31f00000-7ffb31f15000 rw-p 00000000 00:00 0 
7ffb31f15000-7ffb32055000 ---p 00000000 00:00 0 
7ffb32055000-7ffb3207d000 rw-p 00000000 00:00 0 
7ffb3207d000-7ffb32100000 ---p 00000000 00:00 0 
7ffb32100000-7ffb32116000 rw-p 00000000 00:00 0 
7ffb32116000-7ffb324c1000 ---p 00000000 00:00 0 
7ffb324c1000-7ffb324db000 r-xp 00000000 08:01 7352221                    /usr/lib/jvm/java-8-oracle/jre/lib/amd64/libzip.so
7ffb324db000-7ffb326db000 ---p 0001a000 08:01 7352221                    /usr/lib/jvm/java-8-oracle/jre/lib/amd64/libzip.so
7ffb326db000-7ffb326dc000 rw-p 0001a000 08:01 7352221                    /usr/lib/jvm/java-8-oracle/jre/lib/amd64/libzip.so
7ffb326dc000-7ffb326e7000 r-xp 00000000 08:01 135569                     /lib/x86_64-linux-gnu/libnss_files-2.23.so
7ffb326e7000-7ffb328e6000 ---p 0000b000 08:01 135569                     /lib/x86_64-linux-gnu/libnss_files-2.23.so
7ffb328e6000-7ffb328e7000 r--p 0000a000 08:01 135569                     /lib/x86_64-linux-gnu/libnss_files-2.23.so
7ffb328e7000-7ffb328e8000 rw-p 0000b000 08:01 135569                     /lib/x86_64-linux-gnu/libnss_files-2.23.so
7ffb328e8000-7ffb328ee000 rw-p 00000000 00:00 0 
7ffb328ee000-7ffb328f9000 r-xp 00000000 08:01 135562                     /lib/x86_64-linux-gnu/libnss_nis-2.23.so
7ffb328f9000-7ffb32af8000 ---p 0000b000 08:01 135562                     /lib/x86_64-linux-gnu/libnss_nis-2.23.so
7ffb32af8000-7ffb32af9000 r--p 0000a000 08:01 135562                     /lib/x86_64-linux-gnu/libnss_nis-2.23.so
7ffb32af9000-7ffb32afa000 rw-p 0000b000 08:01 135562                     /lib/x86_64-linux-gnu/libnss_nis-2.23.so
7ffb32afa000-7ffb32b10000 r-xp 00000000 08:01 135564                     /lib/x86_64-linux-gnu/libnsl-2.23.so
7ffb32b10000-7ffb32d0f000 ---p 00016000 08:01 135564                     /lib/x86_64-linux-gnu/libnsl-2.23.so
7ffb32d0f000-7ffb32d10000 r--p 00015000 08:01 135564                     /lib/x86_64-linux-gnu/libnsl-2.23.so
7ffb32d10000-7ffb32d11000 rw-p 00016000 08:01 135564                     /lib/x86_64-linux-gnu/libnsl-2.23.so
7ffb32d11000-7ffb32d13000 rw-p 00000000 00:00 0 
7ffb32d13000-7ffb32d1b000 r-xp 00000000 08:01 135571                     /lib/x86_64-linux-gnu/libnss_compat-2.23.so
7ffb32d1b000-7ffb32f1a000 ---p 00008000 08:01 135571                     /lib/x86_64-linux-gnu/libnss_compat-2.23.so
7ffb32f1a000-7ffb32f1b000 r--p 00007000 08:01 135571                     /lib/x86_64-linux-gnu/libnss_compat-2.23.so
7ffb32f1b000-7ffb32f1c000 rw-p 00008000 08:01 135571                     /lib/x86_64-linux-gnu/libnss_compat-2.23.so
7ffb32f1c000-7ffb32f47000 r-xp 00000000 08:01 7352248                    /usr/lib/jvm/java-8-oracle/jre/lib/amd64/libjava.so
7ffb32f47000-7ffb33146000 ---p 0002b000 08:01 7352248                    /usr/lib/jvm/java-8-oracle/jre/lib/amd64/libjava.so
7ffb33146000-7ffb33148000 rw-p 0002a000 08:01 7352248                    /usr/lib/jvm/java-8-oracle/jre/lib/amd64/libjava.so
7ffb33148000-7ffb33155000 r-xp 00000000 08:01 7352199                    /usr/lib/jvm/java-8-oracle/jre/lib/amd64/libverify.so
7ffb33155000-7ffb33354000 ---p 0000d000 08:01 7352199                    /usr/lib/jvm/java-8-oracle/jre/lib/amd64/libverify.so
7ffb33354000-7ffb33356000 rw-p 0000c000 08:01 7352199                    /usr/lib/jvm/java-8-oracle/jre/lib/amd64/libverify.so
7ffb33356000-7ffb3335d000 r-xp 00000000 08:01 135572                     /lib/x86_64-linux-gnu/librt-2.23.so
7ffb3335d000-7ffb3355c000 ---p 00007000 08:01 135572                     /lib/x86_64-linux-gnu/librt-2.23.so
7ffb3355c000-7ffb3355d000 r--p 00006000 08:01 135572                     /lib/x86_64-linux-gnu/librt-2.23.so
7ffb3355d000-7ffb3355e000 rw-p 00007000 08:01 135572                     /lib/x86_64-linux-gnu/librt-2.23.so
7ffb3355e000-7ffb33666000 r-xp 00000000 08:01 135563                     /lib/x86_64-linux-gnu/libm-2.23.so
7ffb33666000-7ffb33865000 ---p 00108000 08:01 135563                     /lib/x86_64-linux-gnu/libm-2.23.so
7ffb33865000-7ffb33866000 r--p 00107000 08:01 135563                     /lib/x86_64-linux-gnu/libm-2.23.so
7ffb33866000-7ffb33867000 rw-p 00108000 08:01 135563                     /lib/x86_64-linux-gnu/libm-2.23.so
7ffb33867000-7ffb34535000 r-xp 00000000 08:01 7352252                    /usr/lib/jvm/java-8-oracle/jre/lib/amd64/server/libjvm.so
7ffb34535000-7ffb34735000 ---p 00cce000 08:01 7352252                    /usr/lib/jvm/java-8-oracle/jre/lib/amd64/server/libjvm.so
7ffb34735000-7ffb3480e000 rw-p 00cce000 08:01 7352252                    /usr/lib/jvm/java-8-oracle/jre/lib/amd64/server/libjvm.so
7ffb3480e000-7ffb34859000 rw-p 00000000 00:00 0 
7ffb34859000-7ffb34a18000 r-xp 00000000 08:01 135565                     /lib/x86_64-linux-gnu/libc-2.23.so
7ffb34a18000-7ffb34c18000 ---p 001bf000 08:01 135565                     /lib/x86_64-linux-gnu/libc-2.23.so
7ffb34c18000-7ffb34c1c000 r--p 001bf000 08:01 135565                     /lib/x86_64-linux-gnu/libc-2.23.so
7ffb34c1c000-7ffb34c1e000 rw-p 001c3000 08:01 135565                     /lib/x86_64-linux-gnu/libc-2.23.so
7ffb34c1e000-7ffb34c22000 rw-p 00000000 00:00 0 
7ffb34c22000-7ffb34c25000 r-xp 00000000 08:01 135561                     /lib/x86_64-linux-gnu/libdl-2.23.so
7ffb34c25000-7ffb34e24000 ---p 00003000 08:01 135561                     /lib/x86_64-linux-gnu/libdl-2.23.so
7ffb34e24000-7ffb34e25000 r--p 00002000 08:01 135561                     /lib/x86_64-linux-gnu/libdl-2.23.so
7ffb34e25000-7ffb34e26000 rw-p 00003000 08:01 135561                     /lib/x86_64-linux-gnu/libdl-2.23.so
7ffb34e26000-7ffb34e3b000 r-xp 00000000 08:01 7348166                    /usr/lib/jvm/java-8-oracle/lib/amd64/jli/libjli.so
7ffb34e3b000-7ffb3503b000 ---p 00015000 08:01 7348166                    /usr/lib/jvm/java-8-oracle/lib/amd64/jli/libjli.so
7ffb3503b000-7ffb3503c000 rw-p 00015000 08:01 7348166                    /usr/lib/jvm/java-8-oracle/lib/amd64/jli/libjli.so
7ffb3503c000-7ffb35054000 r-xp 00000000 08:01 135582                     /lib/x86_64-linux-gnu/libpthread-2.23.so
7ffb35054000-7ffb35253000 ---p 00018000 08:01 135582                     /lib/x86_64-linux-gnu/libpthread-2.23.so
7ffb35253000-7ffb35254000 r--p 00017000 08:01 135582                     /lib/x86_64-linux-gnu/libpthread-2.23.so
7ffb35254000-7ffb35255000 rw-p 00018000 08:01 135582                     /lib/x86_64-linux-gnu/libpthread-2.23.so
7ffb35255000-7ffb35259000 rw-p 00000000 00:00 0 
7ffb35259000-7ffb3527f000 r-xp 00000000 08:01 135566                     /lib/x86_64-linux-gnu/ld-2.23.so
7ffb35283000-7ffb35355000 rw-p 00000000 00:00 0 
7ffb35355000-7ffb35358000 ---p 00000000 00:00 0 
7ffb35358000-7ffb3545a000 rw-p 00000000 00:00 0 
7ffb3545e000-7ffb35472000 rw-p 00000000 00:00 0 
7ffb35472000-7ffb3547a000 rw-s 00000000 08:01 3022828                    /tmp/hsperfdata_root/17246
7ffb3547a000-7ffb3547b000 rw-p 00000000 00:00 0 
7ffb3547b000-7ffb3547c000 ---p 00000000 00:00 0 
7ffb3547c000-7ffb3547e000 rw-p 00000000 00:00 0 
7ffb3547e000-7ffb3547f000 r--p 00025000 08:01 135566                     /lib/x86_64-linux-gnu/ld-2.23.so
7ffb3547f000-7ffb35480000 rw-p 00026000 08:01 135566                     /lib/x86_64-linux-gnu/ld-2.23.so
7ffb35480000-7ffb35481000 rw-p 00000000 00:00 0 
7ffc0a813000-7ffc0a834000 rw-p 00000000 00:00 0                          [stack]
7ffc0a872000-7ffc0a874000 r--p 00000000 00:00 0                          [vvar]
7ffc0a874000-7ffc0a876000 r-xp 00000000 00:00 0                          [vdso]
ffffffffff600000-ffffffffff601000 r-xp 00000000 00:00 0                  [vsyscall]

VM Arguments:
jvm_args: -Djava.awt.headless=true -Xmx1024M -Dfile.encoding=UTF-8 -Duser.country=IN -Duser.language=en -Duser.variant 
java_command: com.android.dx.command.Main --dex --num-threads=4 --output /root/AndroidStudioProjects/Pizzasapp/app/build/intermediates/pre-dexed/debug/com.android.support-appcompat-v7-25.3.1_340dc5727ba00770574afe66912cc7b8e5770dce.jar /root/AndroidStudioProjects/Pizzasapp/app/build/intermediates/exploded-aar/com.android.support/appcompat-v7/25.3.1/jars/classes.jar
java_class_path (initial): /root/Android/Sdk/build-tools/25.0.2/lib/dx.jar
Launcher Type: SUN_STANDARD

Environment Variables:
PATH=/usr/local/sbin:/usr/local/bin:/usr/sbin:/usr/bin:/sbin:/bin:/snap/bin
USERNAME=root
LD_LIBRARY_PATH=/opt/android-studio/bin:
SHELL=/bin/bash
DISPLAY=:0

Signal Handlers:
SIGSEGV: [libjvm.so+0xac78c0], sa_mask[0]=11111111011111111101111111111110, sa_flags=SA_RESTART|SA_SIGINFO
SIGBUS: [libjvm.so+0xac78c0], sa_mask[0]=11111111011111111101111111111110, sa_flags=SA_RESTART|SA_SIGINFO
SIGFPE: [libjvm.so+0x920ac0], sa_mask[0]=11111111011111111101111111111110, sa_flags=SA_RESTART|SA_SIGINFO
SIGPIPE: [libjvm.so+0x920ac0], sa_mask[0]=11111111011111111101111111111110, sa_flags=SA_RESTART|SA_SIGINFO
SIGXFSZ: [libjvm.so+0x920ac0], sa_mask[0]=11111111011111111101111111111110, sa_flags=SA_RESTART|SA_SIGINFO
SIGILL: [libjvm.so+0x920ac0], sa_mask[0]=11111111011111111101111111111110, sa_flags=SA_RESTART|SA_SIGINFO
SIGUSR1: SIG_DFL, sa_mask[0]=00000000000000000000000000000000, sa_flags=none
SIGUSR2: [libjvm.so+0x922300], sa_mask[0]=00100000000000000000000000000000, sa_flags=SA_RESTART|SA_SIGINFO
SIGHUP: [libjvm.so+0x923700], sa_mask[0]=11111111011111111101111111111110, sa_flags=SA_RESTART|SA_SIGINFO
SIGINT: [libjvm.so+0x923700], sa_mask[0]=11111111011111111101111111111110, sa_flags=SA_RESTART|SA_SIGINFO
SIGTERM: [libjvm.so+0x923700], sa_mask[0]=11111111011111111101111111111110, sa_flags=SA_RESTART|SA_SIGINFO
SIGQUIT: [libjvm.so+0x923700], sa_mask[0]=11111111011111111101111111111110, sa_flags=SA_RESTART|SA_SIGINFO


---------------  S Y S T E M  ---------------

OS:DISTRIB_ID=Ubuntu
DISTRIB_RELEASE=16.04
DISTRIB_CODENAME=xenial
DISTRIB_DESCRIPTION="Ubuntu 16.04.2 LTS"

uname:Linux 4.4.0-72-generic #93-Ubuntu SMP Fri Mar 31 14:07:41 UTC 2017 x86_64
libc:glibc 2.23 NPTL 2.23 
rlimit: STACK 8192k, CORE 0k, NPROC 15262, NOFILE 65536, AS infinity
load average:11.01 2.80 1.35

/proc/meminfo:
MemTotal:        3948408 kB
MemFree:          376560 kB
MemAvailable:     356508 kB
Buffers:            2956 kB
Cached:           439672 kB
SwapCached:            0 kB
Active:          2986196 kB
Inactive:         393248 kB
Active(anon):    2959884 kB
Inactive(anon):   261564 kB
Active(file):      26312 kB
Inactive(file):   131684 kB
Unevictable:          32 kB
Mlocked:              32 kB
SwapTotal:             0 kB
SwapFree:              0 kB
Dirty:               264 kB
Writeback:             0 kB
AnonPages:       2941404 kB
Mapped:           143828 kB
Shmem:            284416 kB
Slab:              80088 kB
SReclaimable:      40624 kB
SUnreclaim:        39464 kB
KernelStack:       11360 kB
PageTables:        45720 kB
NFS_Unstable:          0 kB
Bounce:                0 kB
WritebackTmp:          0 kB
CommitLimit:     1974204 kB
Committed_AS:    7635804 kB
VmallocTotal:   34359738367 kB
VmallocUsed:           0 kB
VmallocChunk:          0 kB
HardwareCorrupted:     0 kB
AnonHugePages:   1495040 kB
CmaTotal:              0 kB
CmaFree:               0 kB
HugePages_Total:       0
HugePages_Free:        0
HugePages_Rsvd:        0
HugePages_Surp:        0
Hugepagesize:       2048 kB
DirectMap4k:      156036 kB
DirectMap2M:     3940352 kB
DirectMap1G:           0 kB


CPU:total 4 (2 cores per cpu, 2 threads per core) family 6 model 69 stepping 1, cmov, cx8, fxsr, mmx, sse, sse2, sse3, ssse3, sse4.1, sse4.2, popcnt, avx, avx2, aes, clmul, erms, lzcnt, ht, tsc, tscinvbit, bmi1, bmi2

/proc/cpuinfo:
processor	: 0
vendor_id	: GenuineIntel
cpu family	: 6
model		: 69
model name	: Intel(R) Core(TM) i3-4030U CPU @ 1.90GHz
stepping	: 1
microcode	: 0x17
cpu MHz		: 1900.000
cache size	: 3072 KB
physical id	: 0
siblings	: 4
core id		: 0
cpu cores	: 2
apicid		: 0
initial apicid	: 0
fpu		: yes
fpu_exception	: yes
cpuid level	: 13
wp		: yes
flags		: fpu vme de pse tsc msr pae mce cx8 apic sep mtrr pge mca cmov pat pse36 clflush dts acpi mmx fxsr sse sse2 ss ht tm pbe syscall nx pdpe1gb rdtscp lm constant_tsc arch_perfmon pebs bts rep_good nopl xtopology nonstop_tsc aperfmperf eagerfpu pni pclmulqdq dtes64 monitor ds_cpl vmx est tm2 ssse3 sdbg fma cx16 xtpr pdcm pcid sse4_1 sse4_2 x2apic movbe popcnt tsc_deadline_timer aes xsave avx f16c rdrand lahf_lm abm epb tpr_shadow vnmi flexpriority ept vpid fsgsbase tsc_adjust bmi1 avx2 smep bmi2 erms invpcid xsaveopt dtherm ida arat pln pts
bugs		:
bogomips	: 3791.57
clflush size	: 64
cache_alignment	: 64
address sizes	: 39 bits physical, 48 bits virtual
power management:

processor	: 1
vendor_id	: GenuineIntel
cpu family	: 6
model		: 69
model name	: Intel(R) Core(TM) i3-4030U CPU @ 1.90GHz
stepping	: 1
microcode	: 0x17
cpu MHz		: 1899.925
cache size	: 3072 KB
physical id	: 0
siblings	: 4
core id		: 1
cpu cores	: 2
apicid		: 2
initial apicid	: 2
fpu		: yes
fpu_exception	: yes
cpuid level	: 13
wp		: yes
flags		: fpu vme de pse tsc msr pae mce cx8 apic sep mtrr pge mca cmov pat pse36 clflush dts acpi mmx fxsr sse sse2 ss ht tm pbe syscall nx pdpe1gb rdtscp lm constant_tsc arch_perfmon pebs bts rep_good nopl xtopology nonstop_tsc aperfmperf eagerfpu pni pclmulqdq dtes64 monitor ds_cpl vmx est tm2 ssse3 sdbg fma cx16 xtpr pdcm pcid sse4_1 sse4_2 x2apic movbe popcnt tsc_deadline_timer aes xsave avx f16c rdrand lahf_lm abm epb tpr_shadow vnmi flexpriority ept vpid fsgsbase tsc_adjust bmi1 avx2 smep bmi2 erms invpcid xsaveopt dtherm ida arat pln pts
bugs		:
bogomips	: 3791.57
clflush size	: 64
cache_alignment	: 64
address sizes	: 39 bits physical, 48 bits virtual
power management:

processor	: 2
vendor_id	: GenuineIntel
cpu family	: 6
model		: 69
model name	: Intel(R) Core(TM) i3-4030U CPU @ 1.90GHz
stepping	: 1
microcode	: 0x17
cpu MHz		: 1899.925
cache size	: 3072 KB
physical id	: 0
siblings	: 4
core id		: 0
cpu cores	: 2
apicid		: 1
initial apicid	: 1
fpu		: yes
fpu_exception	: yes
cpuid level	: 13
wp		: yes
flags		: fpu vme de pse tsc msr pae mce cx8 apic sep mtrr pge mca cmov pat pse36 clflush dts acpi mmx fxsr sse sse2 ss ht tm pbe syscall nx pdpe1gb rdtscp lm constant_tsc arch_perfmon pebs bts rep_good nopl xtopology nonstop_tsc aperfmperf eagerfpu pni pclmulqdq dtes64 monitor ds_cpl vmx est tm2 ssse3 sdbg fma cx16 xtpr pdcm pcid sse4_1 sse4_2 x2apic movbe popcnt tsc_deadline_timer aes xsave avx f16c rdrand lahf_lm abm epb tpr_shadow vnmi flexpriority ept vpid fsgsbase tsc_adjust bmi1 avx2 smep bmi2 erms invpcid xsaveopt dtherm ida arat pln pts
bugs		:
bogomips	: 3791.57
clflush size	: 64
cache_alignment	: 64
address sizes	: 39 bits physical, 48 bits virtual
power management:

processor	: 3
vendor_id	: GenuineIntel
cpu family	: 6
model		: 69
model name	: Intel(R) Core(TM) i3-4030U CPU @ 1.90GHz
stepping	: 1
microcode	: 0x17
cpu MHz		: 1899.925
cache size	: 3072 KB
physical id	: 0
siblings	: 4
core id		: 1
cpu cores	: 2
apicid		: 3
initial apicid	: 3
fpu		: yes
fpu_exception	: yes
cpuid level	: 13
wp		: yes
flags		: fpu vme de pse tsc msr pae mce cx8 apic sep mtrr pge mca cmov pat pse36 clflush dts acpi mmx fxsr sse sse2 ss ht tm pbe syscall nx pdpe1gb rdtscp lm constant_tsc arch_perfmon pebs bts rep_good nopl xtopology nonstop_tsc aperfmperf eagerfpu pni pclmulqdq dtes64 monitor ds_cpl vmx est tm2 ssse3 sdbg fma cx16 xtpr pdcm pcid sse4_1 sse4_2 x2apic movbe popcnt tsc_deadline_timer aes xsave avx f16c rdrand lahf_lm abm epb tpr_shadow vnmi flexpriority ept vpid fsgsbase tsc_adjust bmi1 avx2 smep bmi2 erms invpcid xsaveopt dtherm ida arat pln pts
bugs		:
bogomips	: 3791.57
clflush size	: 64
cache_alignment	: 64
address sizes	: 39 bits physical, 48 bits virtual
power management:



Memory: 4k page, physical 3948408k(376560k free), swap 0k(0k free)

vm_info: Java HotSpot(TM) 64-Bit Server VM (25.121-b13) for linux-amd64 JRE (1.8.0_121-b13), built on Dec 12 2016 16:36:53 by "java_re" with gcc 4.3.0 20080428 (Red Hat 4.3.0-8)

time: Fri Apr 28 01:24:51 2017
elapsed time: 19 seconds (0d 0h 0m 19s)

